[17:22:38] [ServerMain/INFO]: Environment: authHost='https://authserver.mojang.com', accountsHost='https://api.mojang.com', sessionHost='https://sessionserver.mojang.com', servicesHost='https://api.minecraftservices.com', name='PROD'
[17:22:40] [ServerMain/INFO]: Loaded 7 recipes
[17:22:41] [Server thread/INFO]: Starting minecraft server version 1.20.1
[17:22:41] [Server thread/INFO]: Loading properties
[17:22:41] [Server thread/INFO]: Default game type: SURVIVAL
[17:22:41] [Server thread/INFO]: Generating keypair
[17:22:41] [Server thread/INFO]: Starting Minecraft server on *:25565
[17:22:41] [Server thread/INFO]: Using epoll channel type
[17:22:41] [Server thread/INFO]: This server is running CraftBukkit version 3819-Bukkit-0d0b1e5 (MC: 1.20.1) (Implementing API version 1.20.1-R0.1-SNAPSHOT)
[17:22:42] [Server thread/WARN]: Initializing Legacy Material Support. Unless you have legacy plugins and/or data this is a bug!
[17:22:44] [Server thread/WARN]: Legacy plugin Timber v1.5 does not specify an api-version.
[17:22:44] [Server thread/INFO]: [VillagerSaver] Loading VillagerSaver v1.3.2
[17:22:44] [Server thread/INFO]: [Timber] Loading Timber v1.5
[17:22:44] [Server thread/INFO]: [DeadChest] Loading DeadChest v4.16.0
[17:22:44] [Server thread/INFO]: [DeadChest] Worldguard support disabled by user
[17:22:44] [Server thread/WARN]: **** SERVER IS RUNNING IN OFFLINE/INSECURE MODE!
[17:22:44] [Server thread/WARN]: The server will make no attempt to authenticate usernames. Beware.
[17:22:44] [Server thread/WARN]: While this makes the game possible to play without internet access, it also opens up the ability for hackers to connect with any username they choose.
[17:22:44] [Server thread/WARN]: To change this, set "online-mode" to "true" in the server.properties file.
[17:22:44] [Server thread/INFO]: Preparing level "world"
[17:22:45] [Server thread/INFO]: Preparing start region for dimension minecraft:overworld
[17:22:47] [Worker-Main-1/INFO]: Preparing spawn area: 0%
[17:22:47] [Worker-Main-1/INFO]: Preparing spawn area: 0%
[17:22:47] [Worker-Main-1/INFO]: Preparing spawn area: 0%
[17:22:47] [Worker-Main-4/INFO]: Preparing spawn area: 0%
[17:22:47] [Worker-Main-5/INFO]: Preparing spawn area: 0%
[17:22:48] [Worker-Main-5/INFO]: Preparing spawn area: 0%
[17:22:48] [Worker-Main-3/INFO]: Preparing spawn area: 78%
[17:22:48] [Server thread/INFO]: Time elapsed: 3150 ms
[17:22:48] [Server thread/INFO]: Preparing start region for dimension minecraft:the_nether
[17:22:52] [Worker-Main-1/INFO]: Preparing spawn area: 0%
[17:22:52] [Worker-Main-6/INFO]: Preparing spawn area: 0%
[17:22:52] [Worker-Main-4/INFO]: Preparing spawn area: 0%
[17:22:52] [Worker-Main-2/INFO]: Preparing spawn area: 0%
[17:22:52] [Worker-Main-4/INFO]: Preparing spawn area: 0%
[17:22:52] [Worker-Main-3/INFO]: Preparing spawn area: 0%
[17:22:52] [Worker-Main-1/INFO]: Preparing spawn area: 0%
[17:22:52] [Worker-Main-6/INFO]: Preparing spawn area: 0%
[17:22:53] [Worker-Main-4/INFO]: Preparing spawn area: 0%
[17:22:53] [Worker-Main-3/INFO]: Preparing spawn area: 0%
[17:22:53] [Worker-Main-3/INFO]: Preparing spawn area: 0%
[17:22:54] [Worker-Main-3/INFO]: Preparing spawn area: 0%
[17:22:54] [Worker-Main-5/INFO]: Preparing spawn area: 0%
[17:22:55] [Worker-Main-5/INFO]: Preparing spawn area: 0%
[17:22:55] [Worker-Main-2/INFO]: Preparing spawn area: 0%
[17:22:56] [Worker-Main-3/INFO]: Preparing spawn area: 23%
[17:22:56] [Server thread/INFO]: Time elapsed: 7844 ms
[17:22:56] [Server thread/INFO]: Preparing start region for dimension minecraft:the_end
[17:23:00] [Worker-Main-2/INFO]: Preparing spawn area: 0%
[17:23:01] [Worker-Main-2/INFO]: Preparing spawn area: 0%
[17:23:01] [Worker-Main-2/INFO]: Preparing spawn area: 0%
[17:23:01] [Worker-Main-2/INFO]: Preparing spawn area: 0%
[17:23:01] [Worker-Main-2/INFO]: Preparing spawn area: 0%
[17:23:01] [Worker-Main-2/INFO]: Preparing spawn area: 0%
[17:23:01] [Worker-Main-2/INFO]: Preparing spawn area: 0%
[17:23:01] [Worker-Main-2/INFO]: Preparing spawn area: 0%
[17:23:01] [Worker-Main-2/INFO]: Preparing spawn area: 0%
[17:23:01] [Worker-Main-2/INFO]: Preparing spawn area: 0%
[17:23:01] [Worker-Main-2/INFO]: Preparing spawn area: 0%
[17:23:02] [Worker-Main-5/INFO]: Preparing spawn area: 0%
[17:23:02] [Worker-Main-2/INFO]: Preparing spawn area: 0%
[17:23:03] [Worker-Main-5/INFO]: Preparing spawn area: 0%
[17:23:03] [Worker-Main-1/INFO]: Preparing spawn area: 96%
[17:23:03] [Server thread/INFO]: Time elapsed: 7018 ms
[17:23:03] [Server thread/INFO]: [VillagerSaver] Enabling VillagerSaver v1.3.2
[17:23:03] [Server thread/WARN]: [VillagerSaver] Make sure you downloaded a trusted version of this plugin on: https://github.com/MarioFinale/VillagerSaver/releases
[17:23:03] [Server thread/INFO]: [VillagerSaver] Registering listener.
[17:23:03] [Server thread/INFO]: [VillagerSaver] Listener registered.
[17:23:03] [Server thread/INFO]: [VillagerSaver] Loading World Blacklist.
[17:23:03] [Server thread/WARN]: [VillagerSaver] World blacklist file has not been loaded: No such file or directory
[17:23:03] [Server thread/WARN]: [VillagerSaver] If this is the first time running the plugin the file will be created on server stop.
[17:23:03] [Server thread/INFO]: [VillagerSaver] Registering commands.
[17:23:03] [Server thread/INFO]: [VillagerSaver] Commands registered.
[17:23:03] [Server thread/INFO]: [VillagerSaver] VillagerSaver loaded!
[17:23:03] [Server thread/INFO]: [Timber] Enabling Timber v1.5
[17:23:03] [Server thread/INFO]: [Timber] Loaded config file
[17:23:03] [Server thread/INFO]: [DeadChest] Enabling DeadChest v4.16.0
[17:23:03] [Server thread/INFO]: Server permissions file permissions.yml is empty, ignoring it
[17:23:03] [Server thread/INFO]: Done (19.577s)! For help, type "help"
[17:23:03] [Server thread/INFO]: Starting remote control listener
[17:23:03] [Server thread/INFO]: Thread RCON Listener started
[17:23:03] [Server thread/INFO]: RCON running on 0.0.0.0:25575
[17:24:38] [RCON Listener #1/INFO]: Thread RCON Client /127.0.0.1 started
[17:24:38] [Server thread/INFO]: [Rcon: Stopping the server]
[17:24:38] [RCON Client /127.0.0.1 #2/INFO]: Thread RCON Client /127.0.0.1 shutting down
[17:24:38] [Server thread/INFO]: Stopping server
[17:24:38] [Server thread/INFO]: [DeadChest] Disabling DeadChest v4.16.0
[17:24:38] [Server thread/INFO]: [Timber] Disabling Timber v1.5
[17:24:38] [Server thread/INFO]: [VillagerSaver] Disabling VillagerSaver v1.3.2
[17:24:38] [Server thread/INFO]: [VillagerSaver] Saving config.
[17:24:38] [Server thread/INFO]: [VillagerSaver] Saving blacklist.
[17:24:38] [Server thread/INFO]: [VillagerSaver] Blacklist saved.
[17:24:38] [Server thread/INFO]: [VillagerSaver] VillagerSaver disabled!
[17:24:38] [Server thread/INFO]: Saving players
[17:24:38] [Server thread/INFO]: Saving worlds
[17:24:40] [Server thread/INFO]: Saving chunks for level 'ServerLevel[world]'/minecraft:overworld
[17:24:42] [Server thread/INFO]: Saving chunks for level 'ServerLevel[world_nether]'/minecraft:the_nether
[17:24:42] [Server thread/INFO]: Saving chunks for level 'ServerLevel[world_the_end]'/minecraft:the_end
[17:24:42] [Server thread/INFO]: ThreadedAnvilChunkStorage (world): All chunks are saved
[17:24:42] [Server thread/INFO]: ThreadedAnvilChunkStorage (DIM-1): All chunks are saved
[17:24:42] [Server thread/INFO]: ThreadedAnvilChunkStorage (DIM1): All chunks are saved
[17:24:42] [Server thread/INFO]: ThreadedAnvilChunkStorage: All dimensions are saved
[17:24:42] [Server thread/INFO]: Thread RCON Listener stopped
